<?xml version="1.0" encoding="UTF-8"?><testsuite errors="1" failures="0" name="Lookup for item" skipped="0" tests="1" time="34.44" timestamp="2020-01-13 01:46:10"><testcase name="custom search and validation"><error message="no such element: Unable to locate element: {&quot;method&quot;:&quot;css selector&quot;,&quot;selector&quot;:&quot;.next-pagination-list &gt; button:nth-of-type(2)&quot;}&#10;  (Session info: chrome=79.0.3945.117)&#10;For documentation on this error, please visit: https://www.seleniumhq.org/exceptions/no_such_element.html&#10;Build info: version: '3.141.59', revision: 'e82be7d358', time: '2018-11-14T08:17:03'&#10;System info: host: 'MAXI', ip: '192.168.1.102', os.name: 'Windows 8.1', os.arch: 'amd64', os.version: '6.3', java.version: '1.8.0_161'&#10;Driver info: org.openqa.selenium.chrome.ChromeDriver&#10;Capabilities {acceptInsecureCerts: false, browserName: chrome, browserVersion: 79.0.3945.117, chrome: {chromedriverVersion: 79.0.3945.36 (3582db32b3389..., userDataDir: C:\Users\maxi\AppData\Local...}, goog:chromeOptions: {debuggerAddress: localhost:27744}, javascriptEnabled: true, networkConnectionEnabled: false, pageLoadStrategy: normal, platform: WINDOWS, platformName: WINDOWS, proxy: Proxy(), setWindowRect: true, strictFileInteractability: false, timeouts: {implicit: 0, pageLoad: 300000, script: 30000}, unhandledPromptBehavior: dismiss and notify}&#10;Session ID: b3165167bddf9be13b7eba66ceb79dd6&#10;*** Element info: {Using=css selector, value=.next-pagination-list &gt; button:nth-of-type(2)}" type="org.openqa.selenium.NoSuchElementException">no such element: Unable to locate element: {"method":"css selector","selector":".next-pagination-list &gt; button:nth-of-type(2)"}
  (Session info: chrome=79.0.3945.117)
For documentation on this error, please visit: https://www.seleniumhq.org/exceptions/no_such_element.html
Build info: version: '3.141.59', revision: 'e82be7d358', time: '2018-11-14T08:17:03'
System info: host: 'MAXI', ip: '192.168.1.102', os.name: 'Windows 8.1', os.arch: 'amd64', os.version: '6.3', java.version: '1.8.0_161'
Driver info: org.openqa.selenium.chrome.ChromeDriver
Capabilities {acceptInsecureCerts: false, browserName: chrome, browserVersion: 79.0.3945.117, chrome: {chromedriverVersion: 79.0.3945.36 (3582db32b3389..., userDataDir: C:\Users\maxi\AppData\Local...}, goog:chromeOptions: {debuggerAddress: localhost:27744}, javascriptEnabled: true, networkConnectionEnabled: false, pageLoadStrategy: normal, platform: WINDOWS, platformName: WINDOWS, proxy: Proxy(), setWindowRect: true, strictFileInteractability: false, timeouts: {implicit: 0, pageLoad: 300000, script: 30000}, unhandledPromptBehavior: dismiss and notify}
Session ID: b3165167bddf9be13b7eba66ceb79dd6
*** Element info: {Using=css selector, value=.next-pagination-list &gt; button:nth-of-type(2)}</error><system-err>no such element: Unable to locate element: {"method":"css selector","selector":".next-pagination-list &gt; button:nth-of-type(2)"}
  (Session info: chrome=79.0.3945.117)
For documentation on this error, please visit: https://www.seleniumhq.org/exceptions/no_such_element.html
Build info: version: '3.141.59', revision: 'e82be7d358', time: '2018-11-14T08:17:03'
System info: host: 'MAXI', ip: '192.168.1.102', os.name: 'Windows 8.1', os.arch: 'amd64', os.version: '6.3', java.version: '1.8.0_161'
Driver info: org.openqa.selenium.chrome.ChromeDriver
Capabilities {acceptInsecureCerts: false, browserName: chrome, browserVersion: 79.0.3945.117, chrome: {chromedriverVersion: 79.0.3945.36 (3582db32b3389..., userDataDir: C:\Users\maxi\AppData\Local...}, goog:chromeOptions: {debuggerAddress: localhost:27744}, javascriptEnabled: true, networkConnectionEnabled: false, pageLoadStrategy: normal, platform: WINDOWS, platformName: WINDOWS, proxy: Proxy(), setWindowRect: true, strictFileInteractability: false, timeouts: {implicit: 0, pageLoad: 300000, script: 30000}, unhandledPromptBehavior: dismiss and notify}
Session ID: b3165167bddf9be13b7eba66ceb79dd6
*** Element info: {Using=css selector, value=.next-pagination-list &gt; button:nth-of-type(2)}&#13;
org.carlos.alitest.pages.BasePage.lookup_pageNumber(BasePage.java:70)&#13;
org.carlos.alitest.steps.serenity.EndUserSteps.navigates_to_page(EndUserSteps.java:26)&#13;
org.carlos.alitest.steps.DefinitionSteps.whenTheUserNavigatesToPageNumber(DefinitionSteps.java:28)&#13;
</system-err></testcase></testsuite>